<?xml version="1.0" encoding="UTF-8"?>
<!-- Generated by org.testng.reporters.JUnitReportReporter -->
<testsuite skipped="0" hostname="yonifWork" name="CIGroup.CIProject.TestCases" tests="1" failures="0" timestamp="17 פבר 2019 11:05:47 GMT" time="1.280" errors="0">
  <testcase name="test1" time="1.280" classname="CIGroup.CIProject.TestCases"/>
</testsuite> <!-- CIGroup.CIProject.TestCases -->
