<?xml version="1.0" encoding="UTF-8"?>
<!-- Generated by org.testng.reporters.JUnitReportReporter -->
<testsuite skipped="0" hostname="yonifWork" name="CIGroup.CIProject.TestCases" tests="1" failures="0" timestamp="17 פבר 2019 11:09:09 GMT" time="1.261" errors="0">
  <testcase name="test1" time="1.261" classname="CIGroup.CIProject.TestCases"/>
</testsuite> <!-- CIGroup.CIProject.TestCases -->
